# JRE version: Java(TM) SE Runtime Environment (7.0_80-b15) (build 1.7.0_80-b15)
# Java VM: Java HotSpot(TM) 64-Bit Server VM (24.80-b11 mixed mode linux-amd64 compressed oops)
Heap
 PSYoungGen      total 295936K, used 264691K [0x00000000eaa80000, 0x0000000100000000, 0x0000000100000000)
  eden space 245248K, 100% used [0x00000000eaa80000,0x00000000f9a00000,0x00000000f9a00000)
  from space 50688K, 38% used [0x00000000fc900000,0x00000000fdbfccc8,0x00000000ffa80000)
  to   space 48128K, 19% used [0x00000000f9a00000,0x00000000fa32cf10,0x00000000fc900000)
 ParOldGen       total 349696K, used 269440K [0x00000000c0000000, 0x00000000d5580000, 0x00000000eaa80000)
  object space 349696K, 77% used [0x00000000c0000000,0x00000000d07200c8,0x00000000d5580000)
 PSPermGen       total 262144K, used 146818K [0x00000000b0000000, 0x00000000c0000000, 0x00000000c0000000)
  object space 262144K, 56% used [0x00000000b0000000,0x00000000b8f60998,0x00000000c0000000)
GC Heap History (10 events):
Event: 1134.753 GC heap after
Heap after GC invocations=47 (full 1):
 PSYoungGen      total 286208K, used 17258K [0x00000000eaa80000, 0x00000000ff880000, 0x0000000100000000)
  eden space 239616K, 0% used [0x00000000eaa80000,0x00000000eaa80000,0x00000000f9480000)
  from space 46592K, 37% used [0x00000000fcb00000,0x00000000fdbda9f8,0x00000000ff880000)
  to   space 51200K, 0% used [0x00000000f9480000,0x00000000f9480000,0x00000000fc680000)
 ParOldGen       total 349696K, used 178491K [0x00000000c0000000, 0x00000000d5580000, 0x00000000eaa80000)
  object space 349696K, 51% used [0x00000000c0000000,0x00000000cae4ec50,0x00000000d5580000)
 PSPermGen       total 262144K, used 145558K [0x00000000b0000000, 0x00000000c0000000, 0x00000000c0000000)
  object space 262144K, 55% used [0x00000000b0000000,0x00000000b8e25a20,0x00000000c0000000)
}
Event: 1137.669 GC heap before
{Heap before GC invocations=48 (full 1):
 PSYoungGen      total 286208K, used 256874K [0x00000000eaa80000, 0x00000000ff880000, 0x0000000100000000)
  eden space 239616K, 100% used [0x00000000eaa80000,0x00000000f9480000,0x00000000f9480000)
  from space 46592K, 37% used [0x00000000fcb00000,0x00000000fdbda9f8,0x00000000ff880000)
  to   space 51200K, 0% used [0x00000000f9480000,0x00000000f9480000,0x00000000fc680000)
 ParOldGen       total 349696K, used 178491K [0x00000000c0000000, 0x00000000d5580000, 0x00000000eaa80000)
  object space 349696K, 51% used [0x00000000c0000000,0x00000000cae4ec50,0x00000000d5580000)
 PSPermGen       total 262144K, used 145569K [0x00000000b0000000, 0x00000000c0000000, 0x00000000c0000000)
  object space 262144K, 55% used [0x00000000b0000000,0x00000000b8e285e8,0x00000000c0000000)
Event: 1137.704 GC heap after
Heap after GC invocations=48 (full 1):
 PSYoungGen      total 290816K, used 32657K [0x00000000eaa80000, 0x0000000100000000, 0x0000000100000000)
  eden space 239616K, 0% used [0x00000000eaa80000,0x00000000eaa80000,0x00000000f9480000)
  from space 51200K, 63% used [0x00000000f9480000,0x00000000fb4644e0,0x00000000fc680000)
  to   space 54272K, 0% used [0x00000000fcb00000,0x00000000fcb00000,0x0000000100000000)
 ParOldGen       total 349696K, used 193814K [0x00000000c0000000, 0x00000000d5580000, 0x00000000eaa80000)
  object space 349696K, 55% used [0x00000000c0000000,0x00000000cbd45b20,0x00000000d5580000)
 PSPermGen       total 262144K, used 145569K [0x00000000b0000000, 0x00000000c0000000, 0x00000000c0000000)
  object space 262144K, 55% used [0x00000000b0000000,0x00000000b8e285e8,0x00000000c0000000)
}
Event: 1140.930 GC heap before
{Heap before GC invocations=49 (full 1):
 PSYoungGen      total 290816K, used 272273K [0x00000000eaa80000, 0x0000000100000000, 0x0000000100000000)
  eden space 239616K, 100% used [0x00000000eaa80000,0x00000000f9480000,0x00000000f9480000)
  from space 51200K, 63% used [0x00000000f9480000,0x00000000fb4644e0,0x00000000fc680000)
  to   space 54272K, 0% used [0x00000000fcb00000,0x00000000fcb00000,0x0000000100000000)
 ParOldGen       total 349696K, used 193814K [0x00000000c0000000, 0x00000000d5580000, 0x00000000eaa80000)
  object space 349696K, 55% used [0x00000000c0000000,0x00000000cbd45b20,0x00000000d5580000)
 PSPermGen       total 262144K, used 145829K [0x00000000b0000000, 0x00000000c0000000, 0x00000000c0000000)
  object space 262144K, 55% used [0x00000000b0000000,0x00000000b8e69648,0x00000000c0000000)
Event: 1140.965 GC heap after
Heap after GC invocations=49 (full 1):
 PSYoungGen      total 296960K, used 22717K [0x00000000eaa80000, 0x0000000100000000, 0x0000000100000000)
  eden space 242688K, 0% used [0x00000000eaa80000,0x00000000eaa80000,0x00000000f9780000)
  from space 54272K, 41% used [0x00000000fcb00000,0x00000000fe12f450,0x0000000100000000)
  to   space 52736K, 0% used [0x00000000f9780000,0x00000000f9780000,0x00000000fcb00000)
 ParOldGen       total 349696K, used 222642K [0x00000000c0000000, 0x00000000d5580000, 0x00000000eaa80000)
  object space 349696K, 63% used [0x00000000c0000000,0x00000000cd96cbc0,0x00000000d5580000)
 PSPermGen       total 262144K, used 145829K [0x00000000b0000000, 0x00000000c0000000, 0x00000000c0000000)
  object space 262144K, 55% used [0x00000000b0000000,0x00000000b8e69648,0x00000000c0000000)
}
Event: 1143.595 GC heap before
{Heap before GC invocations=50 (full 1):
 PSYoungGen      total 296960K, used 265405K [0x00000000eaa80000, 0x0000000100000000, 0x0000000100000000)
  eden space 242688K, 100% used [0x00000000eaa80000,0x00000000f9780000,0x00000000f9780000)
  from space 54272K, 41% used [0x00000000fcb00000,0x00000000fe12f450,0x0000000100000000)
  to   space 52736K, 0% used [0x00000000f9780000,0x00000000f9780000,0x00000000fcb00000)
 ParOldGen       total 349696K, used 222642K [0x00000000c0000000, 0x00000000d5580000, 0x00000000eaa80000)
  object space 349696K, 63% used [0x00000000c0000000,0x00000000cd96cbc0,0x00000000d5580000)
 PSPermGen       total 262144K, used 145845K [0x00000000b0000000, 0x00000000c0000000, 0x00000000c0000000)
  object space 262144K, 55% used [0x00000000b0000000,0x00000000b8e6d568,0x00000000c0000000)
Event: 1143.626 GC heap after
Heap after GC invocations=50 (full 1):
 PSYoungGen      total 253952K, used 10948K [0x00000000eaa80000, 0x00000000ffa80000, 0x0000000100000000)
  eden space 242688K, 0% used [0x00000000eaa80000,0x00000000eaa80000,0x00000000f9780000)
  from space 11264K, 97% used [0x00000000f9780000,0x00000000fa2312a8,0x00000000fa280000)
  to   space 50688K, 0% used [0x00000000fc900000,0x00000000fc900000,0x00000000ffa80000)
 ParOldGen       total 349696K, used 241271K [0x00000000c0000000, 0x00000000d5580000, 0x00000000eaa80000)
  object space 349696K, 68% used [0x00000000c0000000,0x00000000ceb9dd00,0x00000000d5580000)
 PSPermGen       total 262144K, used 145845K [0x00000000b0000000, 0x00000000c0000000, 0x00000000c0000000)
  object space 262144K, 55% used [0x00000000b0000000,0x00000000b8e6d568,0x00000000c0000000)
}
Event: 1145.479 GC heap before
{Heap before GC invocations=51 (full 1):
 PSYoungGen      total 253952K, used 253636K [0x00000000eaa80000, 0x00000000ffa80000, 0x0000000100000000)
  eden space 242688K, 100% used [0x00000000eaa80000,0x00000000f9780000,0x00000000f9780000)
  from space 11264K, 97% used [0x00000000f9780000,0x00000000fa2312a8,0x00000000fa280000)
  to   space 50688K, 0% used [0x00000000fc900000,0x00000000fc900000,0x00000000ffa80000)
 ParOldGen       total 349696K, used 241271K [0x00000000c0000000, 0x00000000d5580000, 0x00000000eaa80000)
  object space 349696K, 68% used [0x00000000c0000000,0x00000000ceb9dd00,0x00000000d5580000)
 PSPermGen       total 262144K, used 145868K [0x00000000b0000000, 0x00000000c0000000, 0x00000000c0000000)
  object space 262144K, 55% used [0x00000000b0000000,0x00000000b8e73338,0x00000000c0000000)
Event: 1145.509 GC heap after
Heap after GC invocations=51 (full 1):
 PSYoungGen      total 295936K, used 19443K [0x00000000eaa80000, 0x0000000100000000, 0x0000000100000000)
  eden space 245248K, 0% used [0x00000000eaa80000,0x00000000eaa80000,0x00000000f9a00000)
  from space 50688K, 38% used [0x00000000fc900000,0x00000000fdbfccc8,0x00000000ffa80000)
  to   space 48128K, 0% used [0x00000000f9a00000,0x00000000f9a00000,0x00000000fc900000)
 ParOldGen       total 349696K, used 251051K [0x00000000c0000000, 0x00000000d5580000, 0x00000000eaa80000)
  object space 349696K, 71% used [0x00000000c0000000,0x00000000cf52aff0,0x00000000d5580000)
 PSPermGen       total 262144K, used 145868K [0x00000000b0000000, 0x00000000c0000000, 0x00000000c0000000)
  object space 262144K, 55% used [0x00000000b0000000,0x00000000b8e73338,0x00000000c0000000)
}
Event: 1151.605 GC heap before
{Heap before GC invocations=52 (full 1):
 PSYoungGen      total 295936K, used 264691K [0x00000000eaa80000, 0x0000000100000000, 0x0000000100000000)
  eden space 245248K, 100% used [0x00000000eaa80000,0x00000000f9a00000,0x00000000f9a00000)
  from space 50688K, 38% used [0x00000000fc900000,0x00000000fdbfccc8,0x00000000ffa80000)
  to   space 48128K, 0% used [0x00000000f9a00000,0x00000000f9a00000,0x00000000fc900000)
 ParOldGen       total 349696K, used 251051K [0x00000000c0000000, 0x00000000d5580000, 0x00000000eaa80000)
  object space 349696K, 71% used [0x00000000c0000000,0x00000000cf52aff0,0x00000000d5580000)
 PSPermGen       total 262144K, used 146818K [0x00000000b0000000, 0x00000000c0000000, 0x00000000c0000000)
  object space 262144K, 56% used [0x00000000b0000000,0x00000000b8f60998,0x00000000c0000000)

